\BOOKMARK [1][-]{section.1}{Introduction}{}% 1
\BOOKMARK [1][-]{section.2}{Objectifs}{}% 2
\BOOKMARK [1][-]{section.3}{La s\351curit\351 des transports en commun}{}% 3
\BOOKMARK [2][-]{subsection.3.1}{Un contexte mondial}{section.3}% 4
\BOOKMARK [2][-]{subsection.3.2}{Le cas rennais}{section.3}% 5
\BOOKMARK [1][-]{section.4}{Arbres d'attaque et de d\351fense}{}% 6
\BOOKMARK [2][-]{subsection.4.1}{M\351thodologie}{section.4}% 7
\BOOKMARK [2][-]{subsection.4.2}{Support logiciel des ADtrees}{section.4}% 8
\BOOKMARK [1][-]{section.5}{Cahier des charges}{}% 9
\BOOKMARK [2][-]{subsection.5.1}{Fonction de synth\350se et chemin optimal}{section.5}% 10
\BOOKMARK [2][-]{subsection.5.2}{Filtre \340 crit\350res}{section.5}% 11
\BOOKMARK [2][-]{subsection.5.3}{Mod\350les g\351n\351raux}{section.5}% 12
\BOOKMARK [2][-]{subsection.5.4}{Am\351lioration d'ADTool}{section.5}% 13
\BOOKMARK [2][-]{subsection.5.5}{Guide}{section.5}% 14
\BOOKMARK [2][-]{subsection.5.6}{Architecture}{section.5}% 15
\BOOKMARK [1][-]{section.6}{Outils}{}% 16
\BOOKMARK [2][-]{subsection.6.1}{ADTool}{section.6}% 17
\BOOKMARK [2][-]{subsection.6.2}{Syst\350mes d'exploitation}{section.6}% 18
\BOOKMARK [2][-]{subsection.6.3}{Langages de programmation et environnements de d\351veloppement int\351gr\351s}{section.6}% 19
\BOOKMARK [2][-]{subsection.6.4}{Interfaces graphiques}{section.6}% 20
\BOOKMARK [2][-]{subsection.6.5}{Outils de gestion de projet}{section.6}% 21
\BOOKMARK [1][-]{section.7}{Organisation du projet}{}% 22
\BOOKMARK [2][-]{subsection.7.1}{R\351partition des r\364les}{section.7}% 23
\BOOKMARK [2][-]{subsection.7.2}{Planification}{section.7}% 24
\BOOKMARK [1][-]{section.8}{Risques}{}% 25
\BOOKMARK [2][-]{subsection.8.1}{Risques humains}{section.8}% 26
\BOOKMARK [2][-]{subsection.8.2}{Risques techniques}{section.8}% 27
\BOOKMARK [2][-]{subsection.8.3}{Critiques}{section.8}% 28
