\BOOKMARK [1][-]{section.1}{Introduction}{}% 1
\BOOKMARK [1][-]{section.2}{ADTool : \351tude de l'existant}{}% 2
\BOOKMARK [1][-]{section.3}{Architecture logicielle}{}% 3
\BOOKMARK [1][-]{section.4}{Fonctions d'analyse}{}% 4
\BOOKMARK [2][-]{subsection.4.1}{Optimiseur}{section.4}% 5
\BOOKMARK [2][-]{subsection.4.2}{Filtre}{section.4}% 6
\BOOKMARK [2][-]{subsection.4.3}{\311diteur de fonctions}{section.4}% 7
\BOOKMARK [1][-]{section.5}{Ergonomie du logiciel}{}% 8
\BOOKMARK [2][-]{subsection.5.1}{Ouverture simultan\351e de plusieurs arbres}{section.5}% 9
\BOOKMARK [2][-]{subsection.5.2}{Hi\351rarchie des arbres}{section.5}% 10
\BOOKMARK [2][-]{subsection.5.3}{Biblioth\350que de mod\350les}{section.5}% 11
\BOOKMARK [2][-]{subsection.5.4}{Couper/copier/coller}{section.5}% 12
\BOOKMARK [2][-]{subsection.5.5}{Am\351lioration du codage des arbres}{section.5}% 13
\BOOKMARK [2][-]{subsection.5.6}{Annulation d'une action}{section.5}% 14
\BOOKMARK [2][-]{subsection.5.7}{Vue globale des param\350tres}{section.5}% 15
\BOOKMARK [1][-]{section.6}{Organisation}{}% 16
\BOOKMARK [2][-]{subsection.6.1}{Versions}{section.6}% 17
\BOOKMARK [2][-]{subsection.6.2}{Planification}{section.6}% 18
\BOOKMARK [2][-]{subsection.6.3}{R\351partition des t\342ches}{section.6}% 19
\BOOKMARK [1][-]{section.7}{R\351trospective et conclusion}{}% 20
